Building DAG of jobs...
Using shell: /usr/bin/bash
Provided cores: 2
Rules claiming more threads will be scaled down.
Job stats:
job                          count
-------------------------  -------
Filter_METABARCODING_DATA        1
total                            1

Select jobs to execute...
Execute 1 jobs...

[Wed Feb 21 14:02:48 2024]
localrule Filter_METABARCODING_DATA:
    input: /home/penelben/Documents/THESE/1st_paper/HAMI_FRAMEWORK/DATA/test_data/METABARCODING/AgriB03BB_abundance_raw_data_METABARCODING.tsv, /home/penelben/Documents/THESE/1st_paper/HAMI_FRAMEWORK/DATA/test_data/METABARCODING/AgriB03BB_Metadata_METABARCODING.csv
    output: /home/penelben/Documents/THESE/1st_paper/HAMI_FRAMEWORK/DATA/test_data/METABARCODING/AgriB03BB_tax.filter3.txt, /home/penelben/Documents/THESE/1st_paper/HAMI_FRAMEWORK/DATA/test_data/METABARCODING/AgriB03BB_abundance.filter3.txt
    jobid: 0
    reason: Missing output files: /home/penelben/Documents/THESE/1st_paper/HAMI_FRAMEWORK/DATA/test_data/METABARCODING/AgriB03BB_tax.filter3.txt, /home/penelben/Documents/THESE/1st_paper/HAMI_FRAMEWORK/DATA/test_data/METABARCODING/AgriB03BB_abundance.filter3.txt
    resources: tmpdir=/tmp

[Wed Feb 21 14:02:53 2024]
Error in rule Filter_METABARCODING_DATA:
    jobid: 0
    input: /home/penelben/Documents/THESE/1st_paper/HAMI_FRAMEWORK/DATA/test_data/METABARCODING/AgriB03BB_abundance_raw_data_METABARCODING.tsv, /home/penelben/Documents/THESE/1st_paper/HAMI_FRAMEWORK/DATA/test_data/METABARCODING/AgriB03BB_Metadata_METABARCODING.csv
    output: /home/penelben/Documents/THESE/1st_paper/HAMI_FRAMEWORK/DATA/test_data/METABARCODING/AgriB03BB_tax.filter3.txt, /home/penelben/Documents/THESE/1st_paper/HAMI_FRAMEWORK/DATA/test_data/METABARCODING/AgriB03BB_abundance.filter3.txt
    shell:
        
        Rscript SCRIPTS/filter_frogs.R /home/penelben/Documents/THESE/1st_paper/HAMI_FRAMEWORK/SCRIPTS /home/penelben/Documents/THESE/1st_paper/HAMI_FRAMEWORK/DATA/test_data /home/penelben/Documents/THESE/1st_paper/HAMI_FRAMEWORK/DATA/test_data/METABARCODING/AgriB03BB_Metadata_METABARCODING.csv /home/penelben/Documents/THESE/1st_paper/HAMI_FRAMEWORK/DATA/test_data/METABARCODING/AgriB03BB_abundance_raw_data_METABARCODING.tsv AgriB03 BB
        
        (one of the commands exited with non-zero exit code; note that snakemake uses bash strict mode!)

Shutting down, this might take some time.
Exiting because a job execution failed. Look above for error message
Complete log: .snakemake/log/2024-02-21T140248.954064.snakemake.log
WorkflowError:
At least one job did not complete successfully.
