Building DAG of jobs...
Using shell: /usr/bin/bash
Provided cores: 2
Rules claiming more threads will be scaled down.
Job stats:
job                          count
-------------------------  -------
Filter_METABARCODING_DATA        1
total                            1

Select jobs to execute...
Execute 1 jobs...

[Wed Feb 21 14:05:05 2024]
localrule Filter_METABARCODING_DATA:
    input: /home/penelben/Documents/THESE/1st_paper/HAMI_FRAMEWORK/DATA/test_data/METABARCODING/AgriB03BB_abundance_raw_data_METABARCODING.tsv, /home/penelben/Documents/THESE/1st_paper/HAMI_FRAMEWORK/DATA/test_data/METABARCODING/AgriB03BB_Metadata_METABARCODING.csv
    output: /home/penelben/Documents/THESE/1st_paper/HAMI_FRAMEWORK/DATA/test_data/METABARCODING/AgriB03BB_tax.filter3.txt, /home/penelben/Documents/THESE/1st_paper/HAMI_FRAMEWORK/DATA/test_data/METABARCODING/AgriB03BB_abundance.filter3.txt
    jobid: 0
    reason: Missing output files: /home/penelben/Documents/THESE/1st_paper/HAMI_FRAMEWORK/DATA/test_data/METABARCODING/AgriB03BB_abundance.filter3.txt, /home/penelben/Documents/THESE/1st_paper/HAMI_FRAMEWORK/DATA/test_data/METABARCODING/AgriB03BB_tax.filter3.txt
    resources: tmpdir=/tmp

Waiting at most 5 seconds for missing files.
MissingOutputException in rule Filter_METABARCODING_DATA in file /home/penelben/Documents/THESE/1st_paper/HAMI_FRAMEWORK/HAMI/HAMI_PIPELINE.smk, line 5:
Job 0 completed successfully, but some output files are missing. Missing files after 5 seconds. This might be due to filesystem latency. If that is the case, consider to increase the wait time with --latency-wait:
/home/penelben/Documents/THESE/1st_paper/HAMI_FRAMEWORK/DATA/test_data/METABARCODING/AgriB03BB_tax.filter3.txt
/home/penelben/Documents/THESE/1st_paper/HAMI_FRAMEWORK/DATA/test_data/METABARCODING/AgriB03BB_abundance.filter3.txt
Shutting down, this might take some time.
Exiting because a job execution failed. Look above for error message
Complete log: .snakemake/log/2024-02-21T140505.015910.snakemake.log
WorkflowError:
At least one job did not complete successfully.
