Building DAG of jobs...
Using shell: /usr/bin/bash
Provided cores: 1 (use --cores to define parallelism)
Rules claiming more threads will be scaled down.
Job stats:
job                 count
----------------  -------
clean_frogs_data        1
total                   1

Select jobs to execute...
Execute 1 jobs...

[Tue Feb 20 15:11:09 2024]
localrule clean_frogs_data:
    input: /home/penelben/Documents/THESE/1st_paper/HAMI_FRAMEWORK/DATA/test_data/AgriB03BB_abundance_raw.csv, /home/penelben/Documents/THESE/1st_paper/HAMI_FRAMEWORK/DATA/test_data/AgriB03BB_multi-affiliations.csv
    output: /home/penelben/Documents/THESE/1st_paper/HAMI_FRAMEWORK/DATA/test_data/AgriB03BB_chimera_summary.txt, /home/penelben/Documents/THESE/1st_paper/HAMI_FRAMEWORK/DATA/test_data/AgriB03BB_chimera_list.txt, /home/penelben/Documents/THESE/1st_paper/HAMI_FRAMEWORK/DATA/test_data/AgriB03BB_cleaned_abundance.txt
    jobid: 0
    reason: Missing output files: /home/penelben/Documents/THESE/1st_paper/HAMI_FRAMEWORK/DATA/test_data/AgriB03BB_chimera_summary.txt, /home/penelben/Documents/THESE/1st_paper/HAMI_FRAMEWORK/DATA/test_data/AgriB03BB_chimera_list.txt, /home/penelben/Documents/THESE/1st_paper/HAMI_FRAMEWORK/DATA/test_data/AgriB03BB_cleaned_abundance.txt
    resources: tmpdir=/tmp

[Tue Feb 20 15:11:13 2024]
Error in rule clean_frogs_data:
    jobid: 0
    input: /home/penelben/Documents/THESE/1st_paper/HAMI_FRAMEWORK/DATA/test_data/AgriB03BB_abundance_raw.csv, /home/penelben/Documents/THESE/1st_paper/HAMI_FRAMEWORK/DATA/test_data/AgriB03BB_multi-affiliations.csv
    output: /home/penelben/Documents/THESE/1st_paper/HAMI_FRAMEWORK/DATA/test_data/AgriB03BB_chimera_summary.txt, /home/penelben/Documents/THESE/1st_paper/HAMI_FRAMEWORK/DATA/test_data/AgriB03BB_chimera_list.txt, /home/penelben/Documents/THESE/1st_paper/HAMI_FRAMEWORK/DATA/test_data/AgriB03BB_cleaned_abundance.txt
    shell:
        
        Rscript SCRIPTS/clean_frogs.R /home/penelben/Documents/THESE/1st_paper/HAMI_FRAMEWORK/DATA/test_data /home/penelben/Documents/THESE/1st_paper/HAMI_FRAMEWORK/DATA/test_data/AgriB03BB_multi-affiliations.csv /home/penelben/Documents/THESE/1st_paper/HAMI_FRAMEWORK/DATA/test_data/AgriB03BB_abundance_raw.csv AgriB03BB
        
        (one of the commands exited with non-zero exit code; note that snakemake uses bash strict mode!)

Shutting down, this might take some time.
Exiting because a job execution failed. Look above for error message
Complete log: .snakemake/log/2024-02-20T151109.247068.snakemake.log
WorkflowError:
At least one job did not complete successfully.
