Building DAG of jobs...
Using shell: /usr/bin/bash
Provided cores: 2
Rules claiming more threads will be scaled down.
Job stats:
job              count
-------------  -------
separate_data        1
total                1

Select jobs to execute...
Execute 1 jobs...

[Wed Feb 21 11:20:58 2024]
localrule separate_data:
    input: /home/penelben/Documents/THESE/1st_paper/HAMI_FRAMEWORK/DATA/test_data/AgriB03BB_cleaned_abundance.txt
    output: /home/penelben/Documents/THESE/1st_paper/HAMI_FRAMEWORK/DATA/test_data/METABARCODING/AgriB03BB_abundance_raw_data_METABARCODING.tsv, /home/penelben/Documents/THESE/1st_paper/HAMI_FRAMEWORK/DATA/test_data/METABARCODING/AgriB03BB_Metadata_METABARCODING.csv, /home/penelben/Documents/THESE/1st_paper/HAMI_FRAMEWORK/DATA/test_data/BARCODE/AgriB03BB_abundance_raw_data_BARCODING.tsv
    jobid: 0
    reason: Missing output files: /home/penelben/Documents/THESE/1st_paper/HAMI_FRAMEWORK/DATA/test_data/METABARCODING/AgriB03BB_Metadata_METABARCODING.csv, /home/penelben/Documents/THESE/1st_paper/HAMI_FRAMEWORK/DATA/test_data/METABARCODING/AgriB03BB_abundance_raw_data_METABARCODING.tsv, /home/penelben/Documents/THESE/1st_paper/HAMI_FRAMEWORK/DATA/test_data/BARCODE/AgriB03BB_abundance_raw_data_BARCODING.tsv
    resources: tmpdir=/tmp

[Wed Feb 21 11:20:59 2024]
Finished job 0.
1 of 1 steps (100%) done
Complete log: .snakemake/log/2024-02-21T112058.569863.snakemake.log
