Building DAG of jobs...
Using shell: /usr/bin/bash
Provided cores: 1 (use --cores to define parallelism)
Rules claiming more threads will be scaled down.
Job stats:
job                 count
----------------  -------
clean_frogs_data        1
total                   1

Select jobs to execute...
Execute 1 jobs...

[Tue Feb 20 16:39:16 2024]
localrule clean_frogs_data:
    input: /home/penelben/Documents/THESE/1st_paper/HAMI_FRAMEWORK/DATA/test_data/AgriB03BB_abundance_raw.csv, /home/penelben/Documents/THESE/1st_paper/HAMI_FRAMEWORK/DATA/test_data/AgriB03BB_multi-affiliations.csv
    output: /home/penelben/Documents/THESE/1st_paper/HAMI_FRAMEWORK/DATA/test_data/AgriB03BB_chimeras_summary.txt, /home/penelben/Documents/THESE/1st_paper/HAMI_FRAMEWORK/DATA/test_data/AgriB03BB_chimeras_list.txt, /home/penelben/Documents/THESE/1st_paper/HAMI_FRAMEWORK/DATA/test_data/AgriB03BB_cleaned_abundance.txt
    jobid: 0
    reason: Missing output files: /home/penelben/Documents/THESE/1st_paper/HAMI_FRAMEWORK/DATA/test_data/AgriB03BB_chimeras_summary.txt, /home/penelben/Documents/THESE/1st_paper/HAMI_FRAMEWORK/DATA/test_data/AgriB03BB_cleaned_abundance.txt, /home/penelben/Documents/THESE/1st_paper/HAMI_FRAMEWORK/DATA/test_data/AgriB03BB_chimeras_list.txt
    resources: tmpdir=/tmp

[Tue Feb 20 16:39:57 2024]
Finished job 0.
1 of 1 steps (100%) done
Complete log: .snakemake/log/2024-02-20T163916.814216.snakemake.log
